[2026-06-10T18:03:25.136+0000] {manager.py:483} INFO - Processing files using up to 1 processes at a time 
[2026-06-10T18:03:25.141+0000] {manager.py:484} INFO - Process each file at most once every 30 seconds
[2026-06-10T18:03:25.143+0000] {manager.py:485} INFO - Checking for new files in /opt/airflow/dags every 300 seconds
[2026-06-10T18:03:25.145+0000] {manager.py:821} INFO - Searching for files in /opt/airflow/dags
[2026-06-10T18:03:25.167+0000] {manager.py:824} INFO - There are 1 files in /opt/airflow/dags
[2026-06-10T18:03:25.659+0000] {manager.py:997} INFO - 
================================================================================
DAG File Processing Stats

File Path                                    PID    Runtime      # DAGs    # Errors  Last Runtime    Last Run               Last # of DB Queries
-------------------------------------------  -----  ---------  --------  ----------  --------------  -------------------  ----------------------
/opt/airflow/dags/dbt_sales_pipeline_dag.py                           1           0  0.41s           2026-06-10T18:03:25                      45
================================================================================
[2026-06-10T18:03:56.653+0000] {manager.py:997} INFO - 
================================================================================
DAG File Processing Stats

File Path                                    PID    Runtime      # DAGs    # Errors  Last Runtime    Last Run               Last # of DB Queries
-------------------------------------------  -----  ---------  --------  ----------  --------------  -------------------  ----------------------
/opt/airflow/dags/dbt_sales_pipeline_dag.py                           1           0  0.21s           2026-06-10T18:03:56                      12
================================================================================
[2026-06-10T18:04:27.027+0000] {manager.py:997} INFO - 
================================================================================
DAG File Processing Stats

File Path                                    PID    Runtime      # DAGs    # Errors  Last Runtime    Last Run               Last # of DB Queries
-------------------------------------------  -----  ---------  --------  ----------  --------------  -------------------  ----------------------
/opt/airflow/dags/dbt_sales_pipeline_dag.py                           1           0  0.31s           2026-06-10T18:04:27                      12
================================================================================
[2026-06-10T18:05:04.822+0000] {manager.py:997} INFO - 
================================================================================
DAG File Processing Stats

File Path                                    PID    Runtime      # DAGs    # Errors  Last Runtime    Last Run               Last # of DB Queries
-------------------------------------------  -----  ---------  --------  ----------  --------------  -------------------  ----------------------
/opt/airflow/dags/dbt_sales_pipeline_dag.py                           1           0  0.31s           2026-06-10T18:05:04                      12
================================================================================
[2026-06-10T18:05:36.026+0000] {manager.py:997} INFO - 
================================================================================
DAG File Processing Stats

File Path                                    PID    Runtime      # DAGs    # Errors  Last Runtime    Last Run               Last # of DB Queries
-------------------------------------------  -----  ---------  --------  ----------  --------------  -------------------  ----------------------
/opt/airflow/dags/dbt_sales_pipeline_dag.py                           1           0  0.20s           2026-06-10T18:05:36                      12
================================================================================
[2026-06-10T18:06:07.273+0000] {manager.py:997} INFO - 
================================================================================
DAG File Processing Stats

File Path                                    PID    Runtime      # DAGs    # Errors  Last Runtime    Last Run               Last # of DB Queries
-------------------------------------------  -----  ---------  --------  ----------  --------------  -------------------  ----------------------
/opt/airflow/dags/dbt_sales_pipeline_dag.py                           1           0  0.21s           2026-06-10T18:06:07                      12
================================================================================
[2026-06-10T18:06:37.551+0000] {manager.py:997} INFO - 
================================================================================
DAG File Processing Stats

File Path                                    PID    Runtime      # DAGs    # Errors  Last Runtime    Last Run               Last # of DB Queries
-------------------------------------------  -----  ---------  --------  ----------  --------------  -------------------  ----------------------
/opt/airflow/dags/dbt_sales_pipeline_dag.py                           1           0  0.23s           2026-06-10T18:06:37                      12
================================================================================
[2026-06-10T18:07:07.785+0000] {manager.py:997} INFO - 
================================================================================
DAG File Processing Stats

File Path                                    PID    Runtime      # DAGs    # Errors  Last Runtime    Last Run               Last # of DB Queries
-------------------------------------------  -----  ---------  --------  ----------  --------------  -------------------  ----------------------
/opt/airflow/dags/dbt_sales_pipeline_dag.py                           1           0  0.22s           2026-06-10T18:07:07                      12
================================================================================
[2026-06-10T18:07:38.042+0000] {manager.py:997} INFO - 
================================================================================
DAG File Processing Stats

File Path                                    PID    Runtime      # DAGs    # Errors  Last Runtime    Last Run               Last # of DB Queries
-------------------------------------------  -----  ---------  --------  ----------  --------------  -------------------  ----------------------
/opt/airflow/dags/dbt_sales_pipeline_dag.py                           1           0  0.22s           2026-06-10T18:07:38                      12
================================================================================
[2026-06-10T18:08:08.896+0000] {manager.py:997} INFO - 
================================================================================
DAG File Processing Stats

File Path                                    PID    Runtime      # DAGs    # Errors  Last Runtime    Last Run               Last # of DB Queries
-------------------------------------------  -----  ---------  --------  ----------  --------------  -------------------  ----------------------
/opt/airflow/dags/dbt_sales_pipeline_dag.py                           1           0  0.11s           2026-06-10T18:08:08                      12
================================================================================
[2026-06-10T18:08:25.257+0000] {manager.py:821} INFO - Searching for files in /opt/airflow/dags
[2026-06-10T18:08:25.306+0000] {manager.py:824} INFO - There are 1 files in /opt/airflow/dags
[2026-06-10T18:08:39.181+0000] {manager.py:997} INFO - 
================================================================================
DAG File Processing Stats

File Path                                    PID    Runtime      # DAGs    # Errors  Last Runtime    Last Run               Last # of DB Queries
-------------------------------------------  -----  ---------  --------  ----------  --------------  -------------------  ----------------------
/opt/airflow/dags/dbt_sales_pipeline_dag.py                           1           0  0.22s           2026-06-10T18:08:39                      12
================================================================================
