[2026-06-10T18:04:39.235+0000] {local_task_job_runner.py:123} INFO - ::group::Pre task execution logs
[2026-06-10T18:04:39.246+0000] {taskinstance.py:2613} INFO - Dependencies all met for dep_context=non-requeueable deps ti=<TaskInstance: dbt_sales_analytics_pipeline.dbt_run scheduled__2026-06-09T00:00:00+00:00 [queued]>
[2026-06-10T18:04:39.253+0000] {taskinstance.py:2613} INFO - Dependencies all met for dep_context=requeueable deps ti=<TaskInstance: dbt_sales_analytics_pipeline.dbt_run scheduled__2026-06-09T00:00:00+00:00 [queued]>
[2026-06-10T18:04:39.255+0000] {taskinstance.py:2866} INFO - Starting attempt 1 of 2
[2026-06-10T18:04:39.275+0000] {taskinstance.py:2889} INFO - Executing <Task(BashOperator): dbt_run> on 2026-06-09 00:00:00+00:00
[2026-06-10T18:04:39.290+0000] {standard_task_runner.py:72} INFO - Started process 142 to run task
[2026-06-10T18:04:39.294+0000] {standard_task_runner.py:104} INFO - Running: ['airflow', 'tasks', 'run', 'dbt_sales_analytics_pipeline', 'dbt_run', 'scheduled__2026-06-09T00:00:00+00:00', '--job-id', '2', '--raw', '--subdir', 'DAGS_FOLDER/dbt_sales_pipeline_dag.py', '--cfg-path', '/tmp/tmpz8jvgu4x']
[2026-06-10T18:04:39.299+0000] {standard_task_runner.py:105} INFO - Job 2: Subtask dbt_run
[2026-06-10T18:04:39.348+0000] {task_command.py:467} INFO - Running <TaskInstance: dbt_sales_analytics_pipeline.dbt_run scheduled__2026-06-09T00:00:00+00:00 [running]> on host 88c0debc75ff
[2026-06-10T18:04:39.417+0000] {taskinstance.py:3132} INFO - Exporting env vars: AIRFLOW_CTX_DAG_OWNER='sarasitha' AIRFLOW_CTX_DAG_ID='dbt_sales_analytics_pipeline' AIRFLOW_CTX_TASK_ID='dbt_run' AIRFLOW_CTX_EXECUTION_DATE='2026-06-09T00:00:00+00:00' AIRFLOW_CTX_TRY_NUMBER='1' AIRFLOW_CTX_DAG_RUN_ID='scheduled__2026-06-09T00:00:00+00:00'
[2026-06-10T18:04:39.422+0000] {taskinstance.py:731} INFO - ::endgroup::
[2026-06-10T18:04:39.476+0000] {subprocess.py:78} INFO - Tmp dir root location: /tmp
[2026-06-10T18:04:39.480+0000] {subprocess.py:88} INFO - Running command: ['/usr/bin/bash', '-c', 'cd /opt/airflow/sales_analytics_dbt && dbt run']
[2026-06-10T18:04:39.496+0000] {subprocess.py:99} INFO - Output:
[2026-06-10T18:04:42.225+0000] {subprocess.py:106} INFO - [0m18:04:42  Running with dbt=1.11.11
[2026-06-10T18:04:42.585+0000] {subprocess.py:106} INFO - [0m18:04:42  Registered adapter: postgres=1.9.0
[2026-06-10T18:04:42.857+0000] {subprocess.py:106} INFO - [0m18:04:42  Unable to do partial parsing because profile has changed
[2026-06-10T18:04:45.018+0000] {subprocess.py:106} INFO - [0m18:04:45  [[33mWARNING[0m]: Configuration paths exist in your dbt_project.yml file which do not apply to any resources.
[2026-06-10T18:04:45.021+0000] {subprocess.py:106} INFO - There are 1 unused configuration paths:
[2026-06-10T18:04:45.022+0000] {subprocess.py:106} INFO - - models.sales_analytics_dbt.example
[2026-06-10T18:04:45.264+0000] {subprocess.py:106} INFO - [0m18:04:45  Found 7 models, 9 data tests, 474 macros
[2026-06-10T18:04:45.270+0000] {subprocess.py:106} INFO - [0m18:04:45
[2026-06-10T18:04:45.271+0000] {subprocess.py:106} INFO - [0m18:04:45  Concurrency: 1 threads (target='dev')
[2026-06-10T18:04:45.273+0000] {subprocess.py:106} INFO - [0m18:04:45
[2026-06-10T18:04:45.645+0000] {subprocess.py:106} INFO - [0m18:04:45  1 of 7 START sql view model public.stg_superstore_sales ........................ [RUN]
[2026-06-10T18:04:45.935+0000] {subprocess.py:106} INFO - [0m18:04:45  1 of 7 OK created sql view model public.stg_superstore_sales ................... [[32mCREATE VIEW[0m in 0.29s]
[2026-06-10T18:04:45.941+0000] {subprocess.py:106} INFO - [0m18:04:45  2 of 7 START sql view model public.category_performance ........................ [RUN]
[2026-06-10T18:04:46.064+0000] {subprocess.py:106} INFO - [0m18:04:46  2 of 7 OK created sql view model public.category_performance ................... [[32mCREATE VIEW[0m in 0.12s]
[2026-06-10T18:04:46.068+0000] {subprocess.py:106} INFO - [0m18:04:46  3 of 7 START sql view model public.customer_segments ........................... [RUN]
[2026-06-10T18:04:46.199+0000] {subprocess.py:106} INFO - [0m18:04:46  3 of 7 OK created sql view model public.customer_segments ...................... [[32mCREATE VIEW[0m in 0.13s]
[2026-06-10T18:04:46.204+0000] {subprocess.py:106} INFO - [0m18:04:46  4 of 7 START sql view model public.discount_profit_analysis .................... [RUN]
[2026-06-10T18:04:46.447+0000] {subprocess.py:106} INFO - [0m18:04:46  4 of 7 OK created sql view model public.discount_profit_analysis ............... [[32mCREATE VIEW[0m in 0.24s]
[2026-06-10T18:04:46.451+0000] {subprocess.py:106} INFO - [0m18:04:46  5 of 7 START sql view model public.monthly_revenue ............................. [RUN]
[2026-06-10T18:04:46.591+0000] {subprocess.py:106} INFO - [0m18:04:46  5 of 7 OK created sql view model public.monthly_revenue ........................ [[32mCREATE VIEW[0m in 0.14s]
[2026-06-10T18:04:46.596+0000] {subprocess.py:106} INFO - [0m18:04:46  6 of 7 START sql view model public.regional_performance ........................ [RUN]
[2026-06-10T18:04:46.754+0000] {subprocess.py:106} INFO - [0m18:04:46  6 of 7 OK created sql view model public.regional_performance ................... [[32mCREATE VIEW[0m in 0.15s]
[2026-06-10T18:04:46.759+0000] {subprocess.py:106} INFO - [0m18:04:46  7 of 7 START sql view model public.top_products ................................ [RUN]
[2026-06-10T18:04:46.907+0000] {subprocess.py:106} INFO - [0m18:04:46  7 of 7 OK created sql view model public.top_products ........................... [[32mCREATE VIEW[0m in 0.14s]
[2026-06-10T18:04:47.001+0000] {subprocess.py:106} INFO - [0m18:04:47
[2026-06-10T18:04:47.003+0000] {subprocess.py:106} INFO - [0m18:04:47  Finished running 7 view models in 0 hours 0 minutes and 1.73 seconds (1.73s).
[2026-06-10T18:04:47.139+0000] {subprocess.py:106} INFO - [0m18:04:47
[2026-06-10T18:04:47.140+0000] {subprocess.py:106} INFO - [0m18:04:47  [32mCompleted successfully[0m
[2026-06-10T18:04:47.142+0000] {subprocess.py:106} INFO - [0m18:04:47
[2026-06-10T18:04:47.143+0000] {subprocess.py:106} INFO - [0m18:04:47  Done. PASS=7 WARN=0 ERROR=0 SKIP=0 NO-OP=0 TOTAL=7
[2026-06-10T18:04:49.078+0000] {subprocess.py:110} INFO - Command exited with return code 0
[2026-06-10T18:04:49.101+0000] {taskinstance.py:340} INFO - ::group::Post task execution logs
[2026-06-10T18:04:49.103+0000] {taskinstance.py:352} INFO - Marking task as SUCCESS. dag_id=dbt_sales_analytics_pipeline, task_id=dbt_run, run_id=scheduled__2026-06-09T00:00:00+00:00, execution_date=20260609T000000, start_date=20260610T180439, end_date=20260610T180449
[2026-06-10T18:04:49.129+0000] {local_task_job_runner.py:266} INFO - Task exited with return code 0
[2026-06-10T18:04:49.144+0000] {taskinstance.py:3895} INFO - 1 downstream tasks scheduled from follow-on schedule check
[2026-06-10T18:04:49.154+0000] {local_task_job_runner.py:245} INFO - ::endgroup::
