[2026-06-10T18:05:15.179+0000] {local_task_job_runner.py:123} INFO - ::group::Pre task execution logs
[2026-06-10T18:05:15.188+0000] {taskinstance.py:2613} INFO - Dependencies all met for dep_context=non-requeueable deps ti=<TaskInstance: dbt_sales_analytics_pipeline.dbt_run manual__2026-06-10T18:05:10.547648+00:00 [queued]>
[2026-06-10T18:05:15.195+0000] {taskinstance.py:2613} INFO - Dependencies all met for dep_context=requeueable deps ti=<TaskInstance: dbt_sales_analytics_pipeline.dbt_run manual__2026-06-10T18:05:10.547648+00:00 [queued]>
[2026-06-10T18:05:15.197+0000] {taskinstance.py:2866} INFO - Starting attempt 1 of 2
[2026-06-10T18:05:15.228+0000] {taskinstance.py:2889} INFO - Executing <Task(BashOperator): dbt_run> on 2026-06-10 18:05:10.547648+00:00
[2026-06-10T18:05:15.260+0000] {standard_task_runner.py:72} INFO - Started process 226 to run task
[2026-06-10T18:05:15.264+0000] {standard_task_runner.py:104} INFO - Running: ['airflow', 'tasks', 'run', 'dbt_sales_analytics_pipeline', 'dbt_run', 'manual__2026-06-10T18:05:10.547648+00:00', '--job-id', '4', '--raw', '--subdir', 'DAGS_FOLDER/dbt_sales_pipeline_dag.py', '--cfg-path', '/tmp/tmpr_qosazl']
[2026-06-10T18:05:15.269+0000] {standard_task_runner.py:105} INFO - Job 4: Subtask dbt_run
[2026-06-10T18:05:15.308+0000] {task_command.py:467} INFO - Running <TaskInstance: dbt_sales_analytics_pipeline.dbt_run manual__2026-06-10T18:05:10.547648+00:00 [running]> on host 88c0debc75ff
[2026-06-10T18:05:15.387+0000] {taskinstance.py:3132} INFO - Exporting env vars: AIRFLOW_CTX_DAG_OWNER='sarasitha' AIRFLOW_CTX_DAG_ID='dbt_sales_analytics_pipeline' AIRFLOW_CTX_TASK_ID='dbt_run' AIRFLOW_CTX_EXECUTION_DATE='2026-06-10T18:05:10.547648+00:00' AIRFLOW_CTX_TRY_NUMBER='1' AIRFLOW_CTX_DAG_RUN_ID='manual__2026-06-10T18:05:10.547648+00:00'
[2026-06-10T18:05:15.390+0000] {taskinstance.py:731} INFO - ::endgroup::
[2026-06-10T18:05:15.407+0000] {subprocess.py:78} INFO - Tmp dir root location: /tmp
[2026-06-10T18:05:15.413+0000] {subprocess.py:88} INFO - Running command: ['/usr/bin/bash', '-c', 'cd /opt/airflow/sales_analytics_dbt && dbt run']
[2026-06-10T18:05:15.467+0000] {subprocess.py:99} INFO - Output:
[2026-06-10T18:05:17.888+0000] {subprocess.py:106} INFO - [0m18:05:17  Running with dbt=1.11.11
[2026-06-10T18:05:18.221+0000] {subprocess.py:106} INFO - [0m18:05:18  Registered adapter: postgres=1.9.0
[2026-06-10T18:05:18.717+0000] {subprocess.py:106} INFO - [0m18:05:18  [[33mWARNING[0m]: Configuration paths exist in your dbt_project.yml file which do not apply to any resources.
[2026-06-10T18:05:18.718+0000] {subprocess.py:106} INFO - There are 1 unused configuration paths:
[2026-06-10T18:05:18.720+0000] {subprocess.py:106} INFO - - models.sales_analytics_dbt.example
[2026-06-10T18:05:18.966+0000] {subprocess.py:106} INFO - [0m18:05:18  Found 7 models, 9 data tests, 474 macros
[2026-06-10T18:05:18.973+0000] {subprocess.py:106} INFO - [0m18:05:18
[2026-06-10T18:05:18.975+0000] {subprocess.py:106} INFO - [0m18:05:18  Concurrency: 1 threads (target='dev')
[2026-06-10T18:05:18.977+0000] {subprocess.py:106} INFO - [0m18:05:18
[2026-06-10T18:05:19.416+0000] {subprocess.py:106} INFO - [0m18:05:19  1 of 7 START sql view model public.stg_superstore_sales ........................ [RUN]
[2026-06-10T18:05:19.668+0000] {subprocess.py:106} INFO - [0m18:05:19  1 of 7 OK created sql view model public.stg_superstore_sales ................... [[32mCREATE VIEW[0m in 0.25s]
[2026-06-10T18:05:19.674+0000] {subprocess.py:106} INFO - [0m18:05:19  2 of 7 START sql view model public.category_performance ........................ [RUN]
[2026-06-10T18:05:19.816+0000] {subprocess.py:106} INFO - [0m18:05:19  2 of 7 OK created sql view model public.category_performance ................... [[32mCREATE VIEW[0m in 0.14s]
[2026-06-10T18:05:19.822+0000] {subprocess.py:106} INFO - [0m18:05:19  3 of 7 START sql view model public.customer_segments ........................... [RUN]
[2026-06-10T18:05:19.970+0000] {subprocess.py:106} INFO - [0m18:05:19  3 of 7 OK created sql view model public.customer_segments ...................... [[32mCREATE VIEW[0m in 0.14s]
[2026-06-10T18:05:19.975+0000] {subprocess.py:106} INFO - [0m18:05:19  4 of 7 START sql view model public.discount_profit_analysis .................... [RUN]
[2026-06-10T18:05:20.135+0000] {subprocess.py:106} INFO - [0m18:05:20  4 of 7 OK created sql view model public.discount_profit_analysis ............... [[32mCREATE VIEW[0m in 0.16s]
[2026-06-10T18:05:20.141+0000] {subprocess.py:106} INFO - [0m18:05:20  5 of 7 START sql view model public.monthly_revenue ............................. [RUN]
[2026-06-10T18:05:20.288+0000] {subprocess.py:106} INFO - [0m18:05:20  5 of 7 OK created sql view model public.monthly_revenue ........................ [[32mCREATE VIEW[0m in 0.14s]
[2026-06-10T18:05:20.294+0000] {subprocess.py:106} INFO - [0m18:05:20  6 of 7 START sql view model public.regional_performance ........................ [RUN]
[2026-06-10T18:05:20.453+0000] {subprocess.py:106} INFO - [0m18:05:20  6 of 7 OK created sql view model public.regional_performance ................... [[32mCREATE VIEW[0m in 0.16s]
[2026-06-10T18:05:20.458+0000] {subprocess.py:106} INFO - [0m18:05:20  7 of 7 START sql view model public.top_products ................................ [RUN]
[2026-06-10T18:05:20.798+0000] {subprocess.py:106} INFO - [0m18:05:20  7 of 7 OK created sql view model public.top_products ........................... [[32mCREATE VIEW[0m in 0.34s]
[2026-06-10T18:05:20.872+0000] {subprocess.py:106} INFO - [0m18:05:20
[2026-06-10T18:05:20.873+0000] {subprocess.py:106} INFO - [0m18:05:20  Finished running 7 view models in 0 hours 0 minutes and 1.89 seconds (1.89s).
[2026-06-10T18:05:21.022+0000] {subprocess.py:106} INFO - [0m18:05:21
[2026-06-10T18:05:21.024+0000] {subprocess.py:106} INFO - [0m18:05:21  [32mCompleted successfully[0m
[2026-06-10T18:05:21.026+0000] {subprocess.py:106} INFO - [0m18:05:21
[2026-06-10T18:05:21.028+0000] {subprocess.py:106} INFO - [0m18:05:21  Done. PASS=7 WARN=0 ERROR=0 SKIP=0 NO-OP=0 TOTAL=7
[2026-06-10T18:05:22.851+0000] {subprocess.py:110} INFO - Command exited with return code 0
[2026-06-10T18:05:22.868+0000] {taskinstance.py:340} INFO - ::group::Post task execution logs
[2026-06-10T18:05:22.869+0000] {taskinstance.py:352} INFO - Marking task as SUCCESS. dag_id=dbt_sales_analytics_pipeline, task_id=dbt_run, run_id=manual__2026-06-10T18:05:10.547648+00:00, execution_date=20260610T180510, start_date=20260610T180515, end_date=20260610T180522
[2026-06-10T18:05:22.917+0000] {local_task_job_runner.py:266} INFO - Task exited with return code 0
[2026-06-10T18:05:22.939+0000] {taskinstance.py:3895} INFO - 1 downstream tasks scheduled from follow-on schedule check
[2026-06-10T18:05:22.959+0000] {local_task_job_runner.py:245} INFO - ::endgroup::
