[2026-06-10T18:03:25.281+0000] {processor.py:186} INFO - Started process (PID=85) to work on /opt/airflow/dags/dbt_sales_pipeline_dag.py
[2026-06-10T18:03:25.284+0000] {processor.py:914} INFO - Processing file /opt/airflow/dags/dbt_sales_pipeline_dag.py for tasks to queue
[2026-06-10T18:03:25.288+0000] {logging_mixin.py:190} INFO - [2026-06-10T18:03:25.288+0000] {dagbag.py:588} INFO - Filling up the DagBag from /opt/airflow/dags/dbt_sales_pipeline_dag.py
[2026-06-10T18:03:25.329+0000] {processor.py:925} INFO - DAG(s) 'dbt_sales_analytics_pipeline' retrieved from /opt/airflow/dags/dbt_sales_pipeline_dag.py
[2026-06-10T18:03:25.492+0000] {logging_mixin.py:190} INFO - [2026-06-10T18:03:25.491+0000] {override.py:1911} INFO - Created Permission View: can edit on DAG:dbt_sales_analytics_pipeline
[2026-06-10T18:03:25.508+0000] {logging_mixin.py:190} INFO - [2026-06-10T18:03:25.508+0000] {override.py:1911} INFO - Created Permission View: can read on DAG:dbt_sales_analytics_pipeline
[2026-06-10T18:03:25.525+0000] {logging_mixin.py:190} INFO - [2026-06-10T18:03:25.525+0000] {override.py:1911} INFO - Created Permission View: can delete on DAG:dbt_sales_analytics_pipeline
[2026-06-10T18:03:25.544+0000] {logging_mixin.py:190} INFO - [2026-06-10T18:03:25.544+0000] {override.py:1911} INFO - Created Permission View: can create on DAG Run:dbt_sales_analytics_pipeline
[2026-06-10T18:03:25.557+0000] {logging_mixin.py:190} INFO - [2026-06-10T18:03:25.556+0000] {override.py:1911} INFO - Created Permission View: menu access on DAG Run:dbt_sales_analytics_pipeline
[2026-06-10T18:03:25.569+0000] {logging_mixin.py:190} INFO - [2026-06-10T18:03:25.568+0000] {override.py:1911} INFO - Created Permission View: can read on DAG Run:dbt_sales_analytics_pipeline
[2026-06-10T18:03:25.580+0000] {logging_mixin.py:190} INFO - [2026-06-10T18:03:25.580+0000] {override.py:1911} INFO - Created Permission View: can delete on DAG Run:dbt_sales_analytics_pipeline
[2026-06-10T18:03:25.583+0000] {logging_mixin.py:190} INFO - [2026-06-10T18:03:25.582+0000] {dag.py:3239} INFO - Sync 1 DAGs
[2026-06-10T18:03:25.597+0000] {logging_mixin.py:190} INFO - [2026-06-10T18:03:25.597+0000] {dag.py:3262} INFO - Creating ORM DAG for dbt_sales_analytics_pipeline
[2026-06-10T18:03:25.610+0000] {logging_mixin.py:190} INFO - [2026-06-10T18:03:25.609+0000] {dag.py:4180} INFO - Setting next_dagrun for dbt_sales_analytics_pipeline to 2026-06-09 00:00:00+00:00, run_after=2026-06-10 00:00:00+00:00
[2026-06-10T18:03:25.636+0000] {processor.py:208} INFO - Processing /opt/airflow/dags/dbt_sales_pipeline_dag.py took 0.364 seconds
[2026-06-10T18:03:56.480+0000] {processor.py:186} INFO - Started process (PID=118) to work on /opt/airflow/dags/dbt_sales_pipeline_dag.py
[2026-06-10T18:03:56.483+0000] {processor.py:914} INFO - Processing file /opt/airflow/dags/dbt_sales_pipeline_dag.py for tasks to queue
[2026-06-10T18:03:56.490+0000] {logging_mixin.py:190} INFO - [2026-06-10T18:03:56.489+0000] {dagbag.py:588} INFO - Filling up the DagBag from /opt/airflow/dags/dbt_sales_pipeline_dag.py
[2026-06-10T18:03:56.525+0000] {processor.py:925} INFO - DAG(s) 'dbt_sales_analytics_pipeline' retrieved from /opt/airflow/dags/dbt_sales_pipeline_dag.py
[2026-06-10T18:03:56.556+0000] {logging_mixin.py:190} INFO - [2026-06-10T18:03:56.556+0000] {dag.py:3239} INFO - Sync 1 DAGs
[2026-06-10T18:03:56.582+0000] {logging_mixin.py:190} INFO - [2026-06-10T18:03:56.582+0000] {dag.py:4180} INFO - Setting next_dagrun for dbt_sales_analytics_pipeline to 2026-06-09 00:00:00+00:00, run_after=2026-06-10 00:00:00+00:00
[2026-06-10T18:03:56.608+0000] {processor.py:208} INFO - Processing /opt/airflow/dags/dbt_sales_pipeline_dag.py took 0.135 seconds
[2026-06-10T18:04:26.756+0000] {processor.py:186} INFO - Started process (PID=120) to work on /opt/airflow/dags/dbt_sales_pipeline_dag.py
[2026-06-10T18:04:26.760+0000] {processor.py:914} INFO - Processing file /opt/airflow/dags/dbt_sales_pipeline_dag.py for tasks to queue
[2026-06-10T18:04:26.766+0000] {logging_mixin.py:190} INFO - [2026-06-10T18:04:26.765+0000] {dagbag.py:588} INFO - Filling up the DagBag from /opt/airflow/dags/dbt_sales_pipeline_dag.py
[2026-06-10T18:04:26.815+0000] {processor.py:925} INFO - DAG(s) 'dbt_sales_analytics_pipeline' retrieved from /opt/airflow/dags/dbt_sales_pipeline_dag.py
[2026-06-10T18:04:26.858+0000] {logging_mixin.py:190} INFO - [2026-06-10T18:04:26.858+0000] {dag.py:3239} INFO - Sync 1 DAGs
[2026-06-10T18:04:26.894+0000] {logging_mixin.py:190} INFO - [2026-06-10T18:04:26.893+0000] {dag.py:4180} INFO - Setting next_dagrun for dbt_sales_analytics_pipeline to 2026-06-09 00:00:00+00:00, run_after=2026-06-10 00:00:00+00:00
[2026-06-10T18:04:26.930+0000] {processor.py:208} INFO - Processing /opt/airflow/dags/dbt_sales_pipeline_dag.py took 0.185 seconds
[2026-06-10T18:05:04.557+0000] {processor.py:186} INFO - Started process (PID=204) to work on /opt/airflow/dags/dbt_sales_pipeline_dag.py
[2026-06-10T18:05:04.560+0000] {processor.py:914} INFO - Processing file /opt/airflow/dags/dbt_sales_pipeline_dag.py for tasks to queue
[2026-06-10T18:05:04.573+0000] {logging_mixin.py:190} INFO - [2026-06-10T18:05:04.572+0000] {dagbag.py:588} INFO - Filling up the DagBag from /opt/airflow/dags/dbt_sales_pipeline_dag.py
[2026-06-10T18:05:04.626+0000] {processor.py:925} INFO - DAG(s) 'dbt_sales_analytics_pipeline' retrieved from /opt/airflow/dags/dbt_sales_pipeline_dag.py
[2026-06-10T18:05:04.658+0000] {logging_mixin.py:190} INFO - [2026-06-10T18:05:04.657+0000] {dag.py:3239} INFO - Sync 1 DAGs
[2026-06-10T18:05:04.688+0000] {logging_mixin.py:190} INFO - [2026-06-10T18:05:04.688+0000] {dag.py:4180} INFO - Setting next_dagrun for dbt_sales_analytics_pipeline to 2026-06-10 00:00:00+00:00, run_after=2026-06-11 00:00:00+00:00
[2026-06-10T18:05:04.735+0000] {processor.py:208} INFO - Processing /opt/airflow/dags/dbt_sales_pipeline_dag.py took 0.187 seconds
[2026-06-10T18:05:35.845+0000] {processor.py:186} INFO - Started process (PID=268) to work on /opt/airflow/dags/dbt_sales_pipeline_dag.py
[2026-06-10T18:05:35.847+0000] {processor.py:914} INFO - Processing file /opt/airflow/dags/dbt_sales_pipeline_dag.py for tasks to queue
[2026-06-10T18:05:35.851+0000] {logging_mixin.py:190} INFO - [2026-06-10T18:05:35.850+0000] {dagbag.py:588} INFO - Filling up the DagBag from /opt/airflow/dags/dbt_sales_pipeline_dag.py
[2026-06-10T18:05:35.879+0000] {processor.py:925} INFO - DAG(s) 'dbt_sales_analytics_pipeline' retrieved from /opt/airflow/dags/dbt_sales_pipeline_dag.py
[2026-06-10T18:05:35.900+0000] {logging_mixin.py:190} INFO - [2026-06-10T18:05:35.900+0000] {dag.py:3239} INFO - Sync 1 DAGs
[2026-06-10T18:05:35.920+0000] {logging_mixin.py:190} INFO - [2026-06-10T18:05:35.920+0000] {dag.py:4180} INFO - Setting next_dagrun for dbt_sales_analytics_pipeline to 2026-06-10 00:00:00+00:00, run_after=2026-06-11 00:00:00+00:00
[2026-06-10T18:05:35.956+0000] {processor.py:208} INFO - Processing /opt/airflow/dags/dbt_sales_pipeline_dag.py took 0.117 seconds
[2026-06-10T18:06:07.098+0000] {processor.py:186} INFO - Started process (PID=269) to work on /opt/airflow/dags/dbt_sales_pipeline_dag.py
[2026-06-10T18:06:07.101+0000] {processor.py:914} INFO - Processing file /opt/airflow/dags/dbt_sales_pipeline_dag.py for tasks to queue
[2026-06-10T18:06:07.106+0000] {logging_mixin.py:190} INFO - [2026-06-10T18:06:07.106+0000] {dagbag.py:588} INFO - Filling up the DagBag from /opt/airflow/dags/dbt_sales_pipeline_dag.py
[2026-06-10T18:06:07.150+0000] {processor.py:925} INFO - DAG(s) 'dbt_sales_analytics_pipeline' retrieved from /opt/airflow/dags/dbt_sales_pipeline_dag.py
[2026-06-10T18:06:07.183+0000] {logging_mixin.py:190} INFO - [2026-06-10T18:06:07.182+0000] {dag.py:3239} INFO - Sync 1 DAGs
[2026-06-10T18:06:07.211+0000] {logging_mixin.py:190} INFO - [2026-06-10T18:06:07.210+0000] {dag.py:4180} INFO - Setting next_dagrun for dbt_sales_analytics_pipeline to 2026-06-10 00:00:00+00:00, run_after=2026-06-11 00:00:00+00:00
[2026-06-10T18:06:07.238+0000] {processor.py:208} INFO - Processing /opt/airflow/dags/dbt_sales_pipeline_dag.py took 0.146 seconds
[2026-06-10T18:06:37.367+0000] {processor.py:186} INFO - Started process (PID=270) to work on /opt/airflow/dags/dbt_sales_pipeline_dag.py
[2026-06-10T18:06:37.369+0000] {processor.py:914} INFO - Processing file /opt/airflow/dags/dbt_sales_pipeline_dag.py for tasks to queue
[2026-06-10T18:06:37.371+0000] {logging_mixin.py:190} INFO - [2026-06-10T18:06:37.371+0000] {dagbag.py:588} INFO - Filling up the DagBag from /opt/airflow/dags/dbt_sales_pipeline_dag.py
[2026-06-10T18:06:37.395+0000] {processor.py:925} INFO - DAG(s) 'dbt_sales_analytics_pipeline' retrieved from /opt/airflow/dags/dbt_sales_pipeline_dag.py
[2026-06-10T18:06:37.412+0000] {logging_mixin.py:190} INFO - [2026-06-10T18:06:37.412+0000] {dag.py:3239} INFO - Sync 1 DAGs
[2026-06-10T18:06:37.436+0000] {logging_mixin.py:190} INFO - [2026-06-10T18:06:37.436+0000] {dag.py:4180} INFO - Setting next_dagrun for dbt_sales_analytics_pipeline to 2026-06-10 00:00:00+00:00, run_after=2026-06-11 00:00:00+00:00
[2026-06-10T18:06:37.456+0000] {processor.py:208} INFO - Processing /opt/airflow/dags/dbt_sales_pipeline_dag.py took 0.094 seconds
[2026-06-10T18:07:07.599+0000] {processor.py:186} INFO - Started process (PID=271) to work on /opt/airflow/dags/dbt_sales_pipeline_dag.py
[2026-06-10T18:07:07.600+0000] {processor.py:914} INFO - Processing file /opt/airflow/dags/dbt_sales_pipeline_dag.py for tasks to queue
[2026-06-10T18:07:07.603+0000] {logging_mixin.py:190} INFO - [2026-06-10T18:07:07.603+0000] {dagbag.py:588} INFO - Filling up the DagBag from /opt/airflow/dags/dbt_sales_pipeline_dag.py
[2026-06-10T18:07:07.642+0000] {processor.py:925} INFO - DAG(s) 'dbt_sales_analytics_pipeline' retrieved from /opt/airflow/dags/dbt_sales_pipeline_dag.py
[2026-06-10T18:07:07.666+0000] {logging_mixin.py:190} INFO - [2026-06-10T18:07:07.666+0000] {dag.py:3239} INFO - Sync 1 DAGs
[2026-06-10T18:07:07.687+0000] {logging_mixin.py:190} INFO - [2026-06-10T18:07:07.687+0000] {dag.py:4180} INFO - Setting next_dagrun for dbt_sales_analytics_pipeline to 2026-06-10 00:00:00+00:00, run_after=2026-06-11 00:00:00+00:00
[2026-06-10T18:07:07.717+0000] {processor.py:208} INFO - Processing /opt/airflow/dags/dbt_sales_pipeline_dag.py took 0.123 seconds
[2026-06-10T18:07:37.857+0000] {processor.py:186} INFO - Started process (PID=272) to work on /opt/airflow/dags/dbt_sales_pipeline_dag.py
[2026-06-10T18:07:37.858+0000] {processor.py:914} INFO - Processing file /opt/airflow/dags/dbt_sales_pipeline_dag.py for tasks to queue
[2026-06-10T18:07:37.861+0000] {logging_mixin.py:190} INFO - [2026-06-10T18:07:37.861+0000] {dagbag.py:588} INFO - Filling up the DagBag from /opt/airflow/dags/dbt_sales_pipeline_dag.py
[2026-06-10T18:07:37.879+0000] {processor.py:925} INFO - DAG(s) 'dbt_sales_analytics_pipeline' retrieved from /opt/airflow/dags/dbt_sales_pipeline_dag.py
[2026-06-10T18:07:37.903+0000] {logging_mixin.py:190} INFO - [2026-06-10T18:07:37.903+0000] {dag.py:3239} INFO - Sync 1 DAGs
[2026-06-10T18:07:37.925+0000] {logging_mixin.py:190} INFO - [2026-06-10T18:07:37.925+0000] {dag.py:4180} INFO - Setting next_dagrun for dbt_sales_analytics_pipeline to 2026-06-10 00:00:00+00:00, run_after=2026-06-11 00:00:00+00:00
[2026-06-10T18:07:37.945+0000] {processor.py:208} INFO - Processing /opt/airflow/dags/dbt_sales_pipeline_dag.py took 0.094 seconds
[2026-06-10T18:08:08.807+0000] {processor.py:186} INFO - Started process (PID=273) to work on /opt/airflow/dags/dbt_sales_pipeline_dag.py
[2026-06-10T18:08:08.808+0000] {processor.py:914} INFO - Processing file /opt/airflow/dags/dbt_sales_pipeline_dag.py for tasks to queue
[2026-06-10T18:08:08.811+0000] {logging_mixin.py:190} INFO - [2026-06-10T18:08:08.810+0000] {dagbag.py:588} INFO - Filling up the DagBag from /opt/airflow/dags/dbt_sales_pipeline_dag.py
[2026-06-10T18:08:08.830+0000] {processor.py:925} INFO - DAG(s) 'dbt_sales_analytics_pipeline' retrieved from /opt/airflow/dags/dbt_sales_pipeline_dag.py
[2026-06-10T18:08:08.850+0000] {logging_mixin.py:190} INFO - [2026-06-10T18:08:08.850+0000] {dag.py:3239} INFO - Sync 1 DAGs
[2026-06-10T18:08:08.870+0000] {logging_mixin.py:190} INFO - [2026-06-10T18:08:08.869+0000] {dag.py:4180} INFO - Setting next_dagrun for dbt_sales_analytics_pipeline to 2026-06-10 00:00:00+00:00, run_after=2026-06-11 00:00:00+00:00
[2026-06-10T18:08:08.889+0000] {processor.py:208} INFO - Processing /opt/airflow/dags/dbt_sales_pipeline_dag.py took 0.087 seconds
[2026-06-10T18:08:38.993+0000] {processor.py:186} INFO - Started process (PID=274) to work on /opt/airflow/dags/dbt_sales_pipeline_dag.py
[2026-06-10T18:08:38.994+0000] {processor.py:914} INFO - Processing file /opt/airflow/dags/dbt_sales_pipeline_dag.py for tasks to queue
[2026-06-10T18:08:38.998+0000] {logging_mixin.py:190} INFO - [2026-06-10T18:08:38.997+0000] {dagbag.py:588} INFO - Filling up the DagBag from /opt/airflow/dags/dbt_sales_pipeline_dag.py
[2026-06-10T18:08:39.019+0000] {processor.py:925} INFO - DAG(s) 'dbt_sales_analytics_pipeline' retrieved from /opt/airflow/dags/dbt_sales_pipeline_dag.py
[2026-06-10T18:08:39.043+0000] {logging_mixin.py:190} INFO - [2026-06-10T18:08:39.043+0000] {dag.py:3239} INFO - Sync 1 DAGs
[2026-06-10T18:08:39.064+0000] {logging_mixin.py:190} INFO - [2026-06-10T18:08:39.064+0000] {dag.py:4180} INFO - Setting next_dagrun for dbt_sales_analytics_pipeline to 2026-06-10 00:00:00+00:00, run_after=2026-06-11 00:00:00+00:00
[2026-06-10T18:08:39.086+0000] {processor.py:208} INFO - Processing /opt/airflow/dags/dbt_sales_pipeline_dag.py took 0.100 seconds
[2026-06-10T18:09:09.330+0000] {processor.py:186} INFO - Started process (PID=275) to work on /opt/airflow/dags/dbt_sales_pipeline_dag.py
[2026-06-10T18:09:09.334+0000] {processor.py:914} INFO - Processing file /opt/airflow/dags/dbt_sales_pipeline_dag.py for tasks to queue
[2026-06-10T18:09:09.340+0000] {logging_mixin.py:190} INFO - [2026-06-10T18:09:09.339+0000] {dagbag.py:588} INFO - Filling up the DagBag from /opt/airflow/dags/dbt_sales_pipeline_dag.py
[2026-06-10T18:09:09.391+0000] {processor.py:925} INFO - DAG(s) 'dbt_sales_analytics_pipeline' retrieved from /opt/airflow/dags/dbt_sales_pipeline_dag.py
[2026-06-10T18:09:09.434+0000] {logging_mixin.py:190} INFO - [2026-06-10T18:09:09.433+0000] {dag.py:3239} INFO - Sync 1 DAGs
[2026-06-10T18:09:09.479+0000] {logging_mixin.py:190} INFO - [2026-06-10T18:09:09.479+0000] {dag.py:4180} INFO - Setting next_dagrun for dbt_sales_analytics_pipeline to 2026-06-10 00:00:00+00:00, run_after=2026-06-11 00:00:00+00:00
[2026-06-10T18:09:09.526+0000] {processor.py:208} INFO - Processing /opt/airflow/dags/dbt_sales_pipeline_dag.py took 0.208 seconds
[2026-06-10T18:09:39.724+0000] {processor.py:186} INFO - Started process (PID=276) to work on /opt/airflow/dags/dbt_sales_pipeline_dag.py
[2026-06-10T18:09:39.726+0000] {processor.py:914} INFO - Processing file /opt/airflow/dags/dbt_sales_pipeline_dag.py for tasks to queue
[2026-06-10T18:09:39.730+0000] {logging_mixin.py:190} INFO - [2026-06-10T18:09:39.729+0000] {dagbag.py:588} INFO - Filling up the DagBag from /opt/airflow/dags/dbt_sales_pipeline_dag.py
[2026-06-10T18:09:39.754+0000] {processor.py:925} INFO - DAG(s) 'dbt_sales_analytics_pipeline' retrieved from /opt/airflow/dags/dbt_sales_pipeline_dag.py
[2026-06-10T18:09:39.781+0000] {logging_mixin.py:190} INFO - [2026-06-10T18:09:39.781+0000] {dag.py:3239} INFO - Sync 1 DAGs
[2026-06-10T18:09:39.803+0000] {logging_mixin.py:190} INFO - [2026-06-10T18:09:39.803+0000] {dag.py:4180} INFO - Setting next_dagrun for dbt_sales_analytics_pipeline to 2026-06-10 00:00:00+00:00, run_after=2026-06-11 00:00:00+00:00
[2026-06-10T18:09:39.828+0000] {processor.py:208} INFO - Processing /opt/airflow/dags/dbt_sales_pipeline_dag.py took 0.110 seconds
[2026-06-10T18:10:10.028+0000] {processor.py:186} INFO - Started process (PID=277) to work on /opt/airflow/dags/dbt_sales_pipeline_dag.py
[2026-06-10T18:10:10.030+0000] {processor.py:914} INFO - Processing file /opt/airflow/dags/dbt_sales_pipeline_dag.py for tasks to queue
[2026-06-10T18:10:10.035+0000] {logging_mixin.py:190} INFO - [2026-06-10T18:10:10.034+0000] {dagbag.py:588} INFO - Filling up the DagBag from /opt/airflow/dags/dbt_sales_pipeline_dag.py
[2026-06-10T18:10:10.068+0000] {processor.py:925} INFO - DAG(s) 'dbt_sales_analytics_pipeline' retrieved from /opt/airflow/dags/dbt_sales_pipeline_dag.py
[2026-06-10T18:10:10.096+0000] {logging_mixin.py:190} INFO - [2026-06-10T18:10:10.096+0000] {dag.py:3239} INFO - Sync 1 DAGs
[2026-06-10T18:10:10.122+0000] {logging_mixin.py:190} INFO - [2026-06-10T18:10:10.121+0000] {dag.py:4180} INFO - Setting next_dagrun for dbt_sales_analytics_pipeline to 2026-06-10 00:00:00+00:00, run_after=2026-06-11 00:00:00+00:00
[2026-06-10T18:10:10.149+0000] {processor.py:208} INFO - Processing /opt/airflow/dags/dbt_sales_pipeline_dag.py took 0.128 seconds
[2026-06-10T18:10:40.340+0000] {processor.py:186} INFO - Started process (PID=278) to work on /opt/airflow/dags/dbt_sales_pipeline_dag.py
[2026-06-10T18:10:40.342+0000] {processor.py:914} INFO - Processing file /opt/airflow/dags/dbt_sales_pipeline_dag.py for tasks to queue
[2026-06-10T18:10:40.347+0000] {logging_mixin.py:190} INFO - [2026-06-10T18:10:40.347+0000] {dagbag.py:588} INFO - Filling up the DagBag from /opt/airflow/dags/dbt_sales_pipeline_dag.py
[2026-06-10T18:10:40.384+0000] {processor.py:925} INFO - DAG(s) 'dbt_sales_analytics_pipeline' retrieved from /opt/airflow/dags/dbt_sales_pipeline_dag.py
[2026-06-10T18:10:40.416+0000] {logging_mixin.py:190} INFO - [2026-06-10T18:10:40.415+0000] {dag.py:3239} INFO - Sync 1 DAGs
[2026-06-10T18:10:40.451+0000] {logging_mixin.py:190} INFO - [2026-06-10T18:10:40.451+0000] {dag.py:4180} INFO - Setting next_dagrun for dbt_sales_analytics_pipeline to 2026-06-10 00:00:00+00:00, run_after=2026-06-11 00:00:00+00:00
[2026-06-10T18:10:40.485+0000] {processor.py:208} INFO - Processing /opt/airflow/dags/dbt_sales_pipeline_dag.py took 0.154 seconds
[2026-06-10T18:11:10.659+0000] {processor.py:186} INFO - Started process (PID=279) to work on /opt/airflow/dags/dbt_sales_pipeline_dag.py
[2026-06-10T18:11:10.662+0000] {processor.py:914} INFO - Processing file /opt/airflow/dags/dbt_sales_pipeline_dag.py for tasks to queue
[2026-06-10T18:11:10.667+0000] {logging_mixin.py:190} INFO - [2026-06-10T18:11:10.667+0000] {dagbag.py:588} INFO - Filling up the DagBag from /opt/airflow/dags/dbt_sales_pipeline_dag.py
[2026-06-10T18:11:10.704+0000] {processor.py:925} INFO - DAG(s) 'dbt_sales_analytics_pipeline' retrieved from /opt/airflow/dags/dbt_sales_pipeline_dag.py
[2026-06-10T18:11:10.730+0000] {logging_mixin.py:190} INFO - [2026-06-10T18:11:10.730+0000] {dag.py:3239} INFO - Sync 1 DAGs
[2026-06-10T18:11:10.755+0000] {logging_mixin.py:190} INFO - [2026-06-10T18:11:10.755+0000] {dag.py:4180} INFO - Setting next_dagrun for dbt_sales_analytics_pipeline to 2026-06-10 00:00:00+00:00, run_after=2026-06-11 00:00:00+00:00
[2026-06-10T18:11:10.784+0000] {processor.py:208} INFO - Processing /opt/airflow/dags/dbt_sales_pipeline_dag.py took 0.132 seconds
[2026-06-10T18:11:41.008+0000] {processor.py:186} INFO - Started process (PID=280) to work on /opt/airflow/dags/dbt_sales_pipeline_dag.py
[2026-06-10T18:11:41.011+0000] {processor.py:914} INFO - Processing file /opt/airflow/dags/dbt_sales_pipeline_dag.py for tasks to queue
[2026-06-10T18:11:41.015+0000] {logging_mixin.py:190} INFO - [2026-06-10T18:11:41.015+0000] {dagbag.py:588} INFO - Filling up the DagBag from /opt/airflow/dags/dbt_sales_pipeline_dag.py
[2026-06-10T18:11:41.049+0000] {processor.py:925} INFO - DAG(s) 'dbt_sales_analytics_pipeline' retrieved from /opt/airflow/dags/dbt_sales_pipeline_dag.py
[2026-06-10T18:11:41.070+0000] {logging_mixin.py:190} INFO - [2026-06-10T18:11:41.070+0000] {dag.py:3239} INFO - Sync 1 DAGs
[2026-06-10T18:11:41.092+0000] {logging_mixin.py:190} INFO - [2026-06-10T18:11:41.091+0000] {dag.py:4180} INFO - Setting next_dagrun for dbt_sales_analytics_pipeline to 2026-06-10 00:00:00+00:00, run_after=2026-06-11 00:00:00+00:00
[2026-06-10T18:11:41.118+0000] {processor.py:208} INFO - Processing /opt/airflow/dags/dbt_sales_pipeline_dag.py took 0.117 seconds
